#
# There is insufficient memory for the Java Runtime Environment to continue.
# Native memory allocation (mmap) failed to map 402653184 bytes for Failed to commit area from 0x0000000681000000 to 0x0000000699000000 of length 402653184.
# Possible reasons:
#   The system is out of physical RAM or swap space
#   The process is running with CompressedOops enabled, and the Java Heap may be blocking the growth of the native heap
# Possible solutions:
#   Reduce memory load on the system
#   Increase physical memory or swap space
#   Check if swap backing store is full
#   Decrease Java heap size (-Xmx/-Xms)
#   Decrease number of Java threads
#   Decrease Java thread stack sizes (-Xss)
#   Set larger code cache with -XX:ReservedCodeCacheSize=
# This output file may be truncated or incomplete.
#
#  Out of Memory Error (./src/hotspot/os/windows/os_windows.cpp:3387), pid=12744, tid=16608
#
# JRE version:  (11.0.14.1+1) (build )
# Java VM: OpenJDK 64-Bit Server VM (11.0.14.1+1, mixed mode, sharing, tiered, compressed oops, g1 gc, windows-amd64)
# No core dump will be written. Minidumps are not enabled by default on client versions of Windows
#

---------------  S U M M A R Y ------------

Command Line: 

Host: AMD Ryzen 5 3600 6-Core Processor              , 12 cores, 23G,  Windows 10 , 64 bit Build 19041 (10.0.19041.3393)
Time: Fri Oct 13 02:51:40 2023 Russia TZ 2 Standard Time elapsed time: 0.011375 seconds (0d 0h 0m 0s)

---------------  T H R E A D  ---------------

Current thread (0x000001b4da74b000):  JavaThread "Unknown thread" [_thread_in_vm, id=16608, stack(0x0000008f4b500000,0x0000008f4b600000)]

Stack: [0x0000008f4b500000,0x0000008f4b600000]
Native frames: (J=compiled Java code, j=interpreted, Vv=VM code, C=native code)
V  [jvm.dll+0x61e59a]
V  [jvm.dll+0x7aaca9]
V  [jvm.dll+0x7ac398]
V  [jvm.dll+0x7aca73]
V  [jvm.dll+0x24f9b8]
V  [jvm.dll+0x61b83a]
V  [jvm.dll+0x6100c5]
V  [jvm.dll+0x30772c]
V  [jvm.dll+0x3075b2]
V  [jvm.dll+0x30c2d6]
V  [jvm.dll+0x35272f]
V  [jvm.dll+0x352160]
V  [jvm.dll+0x2e4728]
V  [jvm.dll+0x2e5886]
V  [jvm.dll+0x784b07]
V  [jvm.dll+0x78628f]
V  [jvm.dll+0x35f479]
V  [jvm.dll+0x767aa0]
V  [jvm.dll+0x3ccf1f]
V  [jvm.dll+0x3cf2b1]
C  [jli.dll+0x5207]
C  [ucrtbase.dll+0x21bb2]
C  [KERNEL32.DLL+0x17344]
C  [ntdll.dll+0x526b1]


---------------  P R O C E S S  ---------------

Threads class SMR info:
_java_thread_list=0x000001b4d8cafa10, length=0, elements={
}

Java Threads: ( => current thread )

Other Threads:
  0x000001b4da763000 GCTaskThread "GC Thread#0" [stack: 0x0000008f4b600000,0x0000008f4b700000] [id=10100]
  0x000001b4da7ea800 ConcurrentGCThread "G1 Main Marker" [stack: 0x0000008f4b700000,0x0000008f4b800000] [id=19392]
  0x000001b4da7ee000 ConcurrentGCThread "G1 Conc#0" [stack: 0x0000008f4b800000,0x0000008f4b900000] [id=3212]

[error occurred during error reporting (printing all threads), id 0xc0000005, EXCEPTION_ACCESS_VIOLATION (0xc0000005) at pc=0x00007ffd83783ef7]

VM state:not at safepoint (not fully initialized)

VM Mutex/Monitor currently owned by a thread:  ([mutex/lock_event])
[0x000001b4da748380] Heap_lock - owner thread: 0x000001b4da74b000

Heap address: 0x0000000681000000, size: 6128 MB, Compressed Oops mode: Non-zero based: 0x0000000681000000
Narrow klass base: 0x0000000000000000, Narrow klass shift: 0

GC Heap History (0 events):
No events

Deoptimization events (0 events):
No events

Classes redefined (0 events):
No events

Internal exceptions (0 events):
No events

Events (1 events):
Event: 0.005 Loaded shared library C:\Program Files\Unity\Hub\Editor\2022.3.9f1\Editor\Data\PlaybackEngines\AndroidPlayer\OpenJDK\bin\zip.dll


Dynamic libraries:
0x00007ff635a40000 - 0x00007ff635a4d000 	C:\Program Files\Unity\Hub\Editor\2022.3.9f1\Editor\Data\PlaybackEngines\AndroidPlayer\OpenJDK\bin\java.exe
0x00007ffdfec90000 - 0x00007ffdfee88000 	C:\Windows\SYSTEM32\ntdll.dll
0x00007ffdfe300000 - 0x00007ffdfe3bd000 	C:\Windows\System32\KERNEL32.DLL
0x00007ffdfc840000 - 0x00007ffdfcb36000 	C:\Windows\System32\KERNELBASE.dll
0x00007ffdfcbf0000 - 0x00007ffdfccf0000 	C:\Windows\System32\ucrtbase.dll
0x00007ffdf88f0000 - 0x00007ffdf8905000 	C:\Program Files\Unity\Hub\Editor\2022.3.9f1\Editor\Data\PlaybackEngines\AndroidPlayer\OpenJDK\bin\VCRUNTIME140.dll
0x00007ffde02e0000 - 0x00007ffde02f7000 	C:\Program Files\Unity\Hub\Editor\2022.3.9f1\Editor\Data\PlaybackEngines\AndroidPlayer\OpenJDK\bin\jli.dll
0x00007ffdfcea0000 - 0x00007ffdfd03e000 	C:\Windows\System32\USER32.dll
0x00007ffde6a60000 - 0x00007ffde6cfa000 	C:\Windows\WinSxS\amd64_microsoft.windows.common-controls_6595b64144ccf1df_6.0.19041.1110_none_60b5254171f9507e\COMCTL32.dll
0x00007ffdfc370000 - 0x00007ffdfc392000 	C:\Windows\System32\win32u.dll
0x00007ffdfd480000 - 0x00007ffdfd51e000 	C:\Windows\System32\msvcrt.dll
0x00007ffdfcdb0000 - 0x00007ffdfcddc000 	C:\Windows\System32\GDI32.dll
0x00007ffdfc4b0000 - 0x00007ffdfc5ca000 	C:\Windows\System32\gdi32full.dll
0x00007ffdfc410000 - 0x00007ffdfc4ad000 	C:\Windows\System32\msvcp_win.dll
0x00007ffdfeb90000 - 0x00007ffdfebc0000 	C:\Windows\System32\IMM32.DLL
0x00007ffd84020000 - 0x00007ffd840bb000 	C:\Program Files\Unity\Hub\Editor\2022.3.9f1\Editor\Data\PlaybackEngines\AndroidPlayer\OpenJDK\bin\msvcp140.dll
0x00007ffd83490000 - 0x00007ffd84011000 	C:\Program Files\Unity\Hub\Editor\2022.3.9f1\Editor\Data\PlaybackEngines\AndroidPlayer\OpenJDK\bin\server\jvm.dll
0x00007ffdfcde0000 - 0x00007ffdfce8e000 	C:\Windows\System32\ADVAPI32.dll
0x00007ffdfd040000 - 0x00007ffdfd0dc000 	C:\Windows\System32\sechost.dll
0x00007ffdfd530000 - 0x00007ffdfd656000 	C:\Windows\System32\RPCRT4.dll
0x00007ffdfd9a0000 - 0x00007ffdfd9a8000 	C:\Windows\System32\PSAPI.DLL
0x00007ffdf49a0000 - 0x00007ffdf49aa000 	C:\Windows\SYSTEM32\VERSION.dll
0x00007ffdbb2f0000 - 0x00007ffdbb2f9000 	C:\Windows\SYSTEM32\WSOCK32.dll
0x00007ffde87a0000 - 0x00007ffde87c7000 	C:\Windows\SYSTEM32\WINMM.dll
0x00007ffdfe290000 - 0x00007ffdfe2fb000 	C:\Windows\System32\WS2_32.dll
0x00007ffdfabb0000 - 0x00007ffdfabc2000 	C:\Windows\SYSTEM32\kernel.appcore.dll
0x00007ffdf88e0000 - 0x00007ffdf88f0000 	C:\Program Files\Unity\Hub\Editor\2022.3.9f1\Editor\Data\PlaybackEngines\AndroidPlayer\OpenJDK\bin\verify.dll
0x00007ffdf9f50000 - 0x00007ffdfa134000 	C:\Windows\SYSTEM32\DBGHELP.DLL
0x00007ffde1130000 - 0x00007ffde1164000 	C:\Windows\SYSTEM32\dbgcore.DLL
0x00007ffdfc7b0000 - 0x00007ffdfc832000 	C:\Windows\System32\bcryptPrimitives.dll
0x00007ffdd81b0000 - 0x00007ffdd81d8000 	C:\Program Files\Unity\Hub\Editor\2022.3.9f1\Editor\Data\PlaybackEngines\AndroidPlayer\OpenJDK\bin\java.dll
0x00007ffdd81a0000 - 0x00007ffdd81aa000 	C:\Program Files\Unity\Hub\Editor\2022.3.9f1\Editor\Data\PlaybackEngines\AndroidPlayer\OpenJDK\bin\jimage.dll
0x00007ffdccc90000 - 0x00007ffdccca8000 	C:\Program Files\Unity\Hub\Editor\2022.3.9f1\Editor\Data\PlaybackEngines\AndroidPlayer\OpenJDK\bin\zip.dll

dbghelp: loaded successfully - version: 4.0.5 - missing functions: none
symbol engine: initialized successfully - sym options: 0x614 - pdb path: .;C:\Program Files\Unity\Hub\Editor\2022.3.9f1\Editor\Data\PlaybackEngines\AndroidPlayer\OpenJDK\bin;C:\Windows\SYSTEM32;C:\Windows\WinSxS\amd64_microsoft.windows.common-controls_6595b64144ccf1df_6.0.19041.1110_none_60b5254171f9507e;C:\Program Files\Unity\Hub\Editor\2022.3.9f1\Editor\Data\PlaybackEngines\AndroidPlayer\OpenJDK\bin\server

VM Arguments:
java_command: <unknown>
java_class_path (initial): <not set>
Launcher Type: SUN_STANDARD

[Global flags]
     intx CICompilerCount                          = 4                                         {product} {ergonomic}
     uint ConcGCThreads                            = 3                                         {product} {ergonomic}
     uint G1ConcRefinementThreads                  = 10                                        {product} {ergonomic}
   size_t G1HeapRegionSize                         = 1048576                                   {product} {ergonomic}
    uintx GCDrainStackTargetSize                   = 64                                        {product} {ergonomic}
   size_t InitialHeapSize                          = 402653184                                 {product} {ergonomic}
   size_t MarkStackSize                            = 4194304                                   {product} {ergonomic}
   size_t MaxHeapSize                              = 6425673728                                {product} {ergonomic}
   size_t MinHeapDeltaBytes                        = 1048576                                   {product} {ergonomic}
    uintx NonNMethodCodeHeapSize                   = 5836300                                {pd product} {ergonomic}
    uintx NonProfiledCodeHeapSize                  = 122910970                              {pd product} {ergonomic}
    uintx ProfiledCodeHeapSize                     = 122910970                              {pd product} {ergonomic}
    uintx ReservedCodeCacheSize                    = 251658240                              {pd product} {ergonomic}
     bool SegmentedCodeCache                       = true                                      {product} {ergonomic}
     bool UseCompressedClassPointers               = true                                 {lp64_product} {ergonomic}
     bool UseCompressedOops                        = true                                 {lp64_product} {ergonomic}
     bool UseG1GC                                  = true                                      {product} {ergonomic}
     bool UseLargePagesIndividualAllocation        = false                                  {pd product} {ergonomic}

Logging:
Log output configuration:
 #0: stdout all=warning uptime,level,tags
 #1: stderr all=off uptime,level,tags

Environment Variables:
JAVA_HOME=C:\Program Files\Unity\Hub\Editor\2022.3.9f1\Editor\Data\PlaybackEngines\AndroidPlayer\OpenJDK
PATH=C:\Windows\system32;C:\Windows;C:\Windows\System32\Wbem;C:\Windows\System32\WindowsPowerShell\v1.0\;C:\Windows\System32\OpenSSH\;C:\Program Files\NVIDIA Corporation\NVIDIA NvDLISR;C:\Program Files (x86)\AMD\ATI.ACE\Core-Static;C:\Program Files\Git\cmd;C:\Program Files\OpenSSL-Win64\bin;C:\Program Files\Unity\Hub\Editor\2022.3.0f1\Editor\Data\PlaybackEngines\AndroidPlayer\OpenJDK\bin;C:\Program Files (x86)\NVIDIA Corporation\PhysX\Common;C:\Program Files\dotnet\;D:\Programs\MathLab\bin;C:\Program Files\MySQL\MySQL Shell 8.0\bin\;C:\Users\Ivan\AppData\Local\Microsoft\WindowsApps;;C:\Program Files\JetBrains\JetBrains Rider 2023.1.4\bin;;C:\Users\Ivan\.dotnet\tools
USERNAME=Ivan
OS=Windows_NT
PROCESSOR_IDENTIFIER=AMD64 Family 23 Model 113 Stepping 0, AuthenticAMD



---------------  S Y S T E M  ---------------

OS: Windows 10 , 64 bit Build 19041 (10.0.19041.3393)
OS uptime: 0 days 0:52 hours

CPU:total 12 (initial active 12) (12 cores per cpu, 2 threads per core) family 23 model 113 stepping 0 microcode 0x0, cmov, cx8, fxsr, mmx, sse, sse2, sse3, ssse3, sse4.1, sse4.2, popcnt, avx, avx2, aes, clmul, mmxext, 3dnowpref, lzcnt, sse4a, ht, tsc, tscinvbit, tscinv, bmi1, bmi2, adx, sha, fma

Memory: 4k page, system-wide physical 24504M (8392M free)
TotalPageFile size 74121M (AvailPageFile size 77M)
current process WorkingSet (physical memory assigned to process): 10M, peak: 10M
current process commit charge ("private bytes"): 65M, peak: 449M

vm_info: OpenJDK 64-Bit Server VM (11.0.14.1+1) for windows-amd64 JRE (11.0.14.1+1), built on Feb  9 2022 01:48:27 by "" with unknown MS VC++:1916

END.
